CRITICAL - 2023-09-25 18:27:37 --> Undefined variable: titulo
in APPPATH\Views\front\headview.php on line 6.
 1 APPPATH\Views\front\headview.php(6): CodeIgniter\Debug\Exceptions->errorHandler(8, 'Undefined variable: titulo', 'C:\\xampp\\htdocs\\primerproyecto\\app\\Views\\front\\headview.php', 6, [])
 2 SYSTEMPATH\View\View.php(226): include('C:\\xampp\\htdocs\\primerproyecto\\app\\Views\\front\\headview.php')
 3 SYSTEMPATH\View\View.php(229): CodeIgniter\View\View->CodeIgniter\View\{closure}()
 4 SYSTEMPATH\Common.php(1188): CodeIgniter\View\View->render('front/headview', [], true)
 5 APPPATH\Controllers\Home.php(9): view('front/headview')
 6 SYSTEMPATH\CodeIgniter.php(919): App\Controllers\Home->index()
 7 SYSTEMPATH\CodeIgniter.php(494): CodeIgniter\CodeIgniter->runController(Object(App\Controllers\Home))
 8 SYSTEMPATH\CodeIgniter.php(353): CodeIgniter\CodeIgniter->handleRequest(null, Object(Config\Cache), false)
 9 FCPATH\index.php(79): CodeIgniter\CodeIgniter->run()
INFO - 2023-09-25 21:01:34 --> Session: Class initialized using 'CodeIgniter\Session\Handlers\FileHandler' driver.
INFO - 2023-09-25 21:02:43 --> Session: Class initialized using 'CodeIgniter\Session\Handlers\FileHandler' driver.
CRITICAL - 2023-09-25 21:02:48 --> Undefined variable: formModel
in APPPATH\Controllers\usuariocontroller.php on line 40.
 1 APPPATH\Controllers\usuariocontroller.php(40): CodeIgniter\Debug\Exceptions->errorHandler(8, 'Undefined variable: formModel', 'C:\\xampp\\htdocs\\primerproyecto\\app\\Controllers\\usuariocontroller.php', 40, [...])
 2 SYSTEMPATH\CodeIgniter.php(919): App\Controllers\usuariocontroller->formValidation()
 3 SYSTEMPATH\CodeIgniter.php(494): CodeIgniter\CodeIgniter->runController(Object(App\Controllers\usuariocontroller))
 4 SYSTEMPATH\CodeIgniter.php(353): CodeIgniter\CodeIgniter->handleRequest(null, Object(Config\Cache), false)
 5 FCPATH\index.php(79): CodeIgniter\CodeIgniter->run()
INFO - 2023-09-25 21:05:59 --> Session: Class initialized using 'CodeIgniter\Session\Handlers\FileHandler' driver.
INFO - 2023-09-25 21:06:04 --> Session: Class initialized using 'CodeIgniter\Session\Handlers\FileHandler' driver.
INFO - 2023-09-25 21:06:05 --> Session: Class initialized using 'CodeIgniter\Session\Handlers\FileHandler' driver.
CRITICAL - 2023-09-25 22:07:58 --> syntax error, unexpected 'endif' (T_ENDIF), expecting end of file
in APPPATH\Views\front\login.php on line 6.
 1 SYSTEMPATH\View\View.php(229): CodeIgniter\View\View->CodeIgniter\View\{closure}()
 2 SYSTEMPATH\Common.php(1188): CodeIgniter\View\View->render('front/login', [], true)
 3 APPPATH\Controllers\Home.php(36): view('front/login')
 4 SYSTEMPATH\CodeIgniter.php(919): App\Controllers\Home->login()
 5 SYSTEMPATH\CodeIgniter.php(494): CodeIgniter\CodeIgniter->runController(Object(App\Controllers\Home))
 6 SYSTEMPATH\CodeIgniter.php(353): CodeIgniter\CodeIgniter->handleRequest(null, Object(Config\Cache), false)
 7 FCPATH\index.php(79): CodeIgniter\CodeIgniter->run()
CRITICAL - 2023-09-25 22:08:19 --> syntax error, unexpected 'endif' (T_ENDIF), expecting end of file
in APPPATH\Views\front\login.php on line 6.
 1 SYSTEMPATH\View\View.php(229): CodeIgniter\View\View->CodeIgniter\View\{closure}()
 2 SYSTEMPATH\Common.php(1188): CodeIgniter\View\View->render('front/login', [], true)
 3 APPPATH\Controllers\Home.php(36): view('front/login')
 4 SYSTEMPATH\CodeIgniter.php(919): App\Controllers\Home->login()
 5 SYSTEMPATH\CodeIgniter.php(494): CodeIgniter\CodeIgniter->runController(Object(App\Controllers\Home))
 6 SYSTEMPATH\CodeIgniter.php(353): CodeIgniter\CodeIgniter->handleRequest(null, Object(Config\Cache), false)
 7 FCPATH\index.php(79): CodeIgniter\CodeIgniter->run()
CRITICAL - 2023-09-25 22:09:02 --> syntax error, unexpected 'endif' (T_ENDIF), expecting end of file
in APPPATH\Views\front\login.php on line 6.
 1 SYSTEMPATH\View\View.php(229): CodeIgniter\View\View->CodeIgniter\View\{closure}()
 2 SYSTEMPATH\Common.php(1188): CodeIgniter\View\View->render('front/login', [], true)
 3 APPPATH\Controllers\Home.php(36): view('front/login')
 4 SYSTEMPATH\CodeIgniter.php(919): App\Controllers\Home->login()
 5 SYSTEMPATH\CodeIgniter.php(494): CodeIgniter\CodeIgniter->runController(Object(App\Controllers\Home))
 6 SYSTEMPATH\CodeIgniter.php(353): CodeIgniter\CodeIgniter->handleRequest(null, Object(Config\Cache), false)
 7 FCPATH\index.php(79): CodeIgniter\CodeIgniter->run()
CRITICAL - 2023-09-25 22:09:48 --> syntax error, unexpected 'endif' (T_ENDIF), expecting end of file
in APPPATH\Views\front\login.php on line 6.
 1 SYSTEMPATH\View\View.php(229): CodeIgniter\View\View->CodeIgniter\View\{closure}()
 2 SYSTEMPATH\Common.php(1188): CodeIgniter\View\View->render('front/login', [], true)
 3 APPPATH\Controllers\Home.php(36): view('front/login')
 4 SYSTEMPATH\CodeIgniter.php(919): App\Controllers\Home->login()
 5 SYSTEMPATH\CodeIgniter.php(494): CodeIgniter\CodeIgniter->runController(Object(App\Controllers\Home))
 6 SYSTEMPATH\CodeIgniter.php(353): CodeIgniter\CodeIgniter->handleRequest(null, Object(Config\Cache), false)
 7 FCPATH\index.php(79): CodeIgniter\CodeIgniter->run()
INFO - 2023-09-25 22:10:36 --> Session: Class initialized using 'CodeIgniter\Session\Handlers\FileHandler' driver.
